2020-04-11 20:20:15.909  INFO 24176 --- [restartedMain] com.tsien.poros.Application              : Starting Application on Tsien with PID 24176 (D:\Code\Web\poros\poros-be\target\classes started by tsien in D:\Code\Web\poros\poros-be)
2020-04-11 20:20:15.915  INFO 24176 --- [restartedMain] com.tsien.poros.Application              : The following profiles are active: prod
2020-04-11 20:20:15.972  INFO 24176 --- [restartedMain] .e.DevToolsPropertyDefaultsPostProcessor : Devtools property defaults active! Set 'spring.devtools.add-properties' to 'false' to disable
2020-04-11 20:20:15.972  INFO 24176 --- [restartedMain] .e.DevToolsPropertyDefaultsPostProcessor : For additional web related logging consider setting the 'logging.level.web' property to 'DEBUG'
2020-04-11 20:20:17.648  INFO 24176 --- [restartedMain] .s.d.r.c.RepositoryConfigurationDelegate : Multiple Spring Data modules found, entering strict repository configuration mode!
2020-04-11 20:20:17.651  INFO 24176 --- [restartedMain] .s.d.r.c.RepositoryConfigurationDelegate : Bootstrapping Spring Data Redis repositories in DEFAULT mode.
2020-04-11 20:20:17.705  INFO 24176 --- [restartedMain] .s.d.r.c.RepositoryConfigurationDelegate : Finished Spring Data repository scanning in 37ms. Found 0 Redis repository interfaces.
2020-04-11 20:20:18.179  INFO 24176 --- [restartedMain] trationDelegate$BeanPostProcessorChecker : Bean 'org.springframework.transaction.annotation.ProxyTransactionManagementConfiguration' of type [org.springframework.transaction.annotation.ProxyTransactionManagementConfiguration] is not eligible for getting processed by all BeanPostProcessors (for example: not eligible for auto-proxying)
2020-04-11 20:20:18.472  INFO 24176 --- [restartedMain] o.s.b.w.embedded.tomcat.TomcatWebServer  : Tomcat initialized with port(s): 8000 (http)
2020-04-11 20:20:18.482  INFO 24176 --- [restartedMain] o.apache.catalina.core.StandardService   : Starting service [Tomcat]
2020-04-11 20:20:18.482  INFO 24176 --- [restartedMain] org.apache.catalina.core.StandardEngine  : Starting Servlet engine: [Apache Tomcat/9.0.29]
2020-04-11 20:20:18.649  INFO 24176 --- [restartedMain] o.a.c.c.C.[Tomcat].[localhost].[/]       : Initializing Spring embedded WebApplicationContext
2020-04-11 20:20:18.649  INFO 24176 --- [restartedMain] o.s.web.context.ContextLoader            : Root WebApplicationContext: initialization completed in 2670 ms
2020-04-11 20:20:18.795  INFO 24176 --- [restartedMain] c.a.d.s.b.a.DruidDataSourceAutoConfigure : Init DruidDataSource
2020-04-11 20:20:18.955  INFO 24176 --- [restartedMain] com.alibaba.druid.pool.DruidDataSource   : {dataSource-1,druidDatasource} inited
2020-04-11 20:20:19.775  INFO 24176 --- [restartedMain] o.s.s.web.DefaultSecurityFilterChain     : Creating filter chain: Ant [pattern='/index.html'], []
2020-04-11 20:20:19.775  INFO 24176 --- [restartedMain] o.s.s.web.DefaultSecurityFilterChain     : Creating filter chain: Ant [pattern='/static/**'], []
2020-04-11 20:20:19.807  INFO 24176 --- [restartedMain] o.s.s.web.DefaultSecurityFilterChain     : Creating filter chain: any request, [org.springframework.security.web.context.request.async.WebAsyncManagerIntegrationFilter@56e5313d, org.springframework.security.web.context.SecurityContextPersistenceFilter@56902aae, org.springframework.security.web.header.HeaderWriterFilter@45320ef8, org.springframework.security.web.authentication.logout.LogoutFilter@51338c30, org.springframework.security.web.authentication.UsernamePasswordAuthenticationFilter@21b5a4c9, org.springframework.security.web.savedrequest.RequestCacheAwareFilter@4c198134, org.springframework.security.web.servletapi.SecurityContextHolderAwareRequestFilter@1f41fe4d, org.springframework.security.web.authentication.AnonymousAuthenticationFilter@4e028176, org.springframework.security.web.session.SessionManagementFilter@6345fab2, org.springframework.security.web.access.ExceptionTranslationFilter@752dd6cc, org.springframework.security.web.access.intercept.FilterSecurityInterceptor@60b217ca]
2020-04-11 20:20:19.950  INFO 24176 --- [restartedMain] o.s.s.concurrent.ThreadPoolTaskExecutor  : Initializing ExecutorService 'applicationTaskExecutor'
2020-04-11 20:20:20.089  WARN 24176 --- [restartedMain] ion$DefaultTemplateResolverConfiguration : Cannot find template location: classpath:/templates/ (please add some templates or check your Thymeleaf configuration)
2020-04-11 20:20:20.479  INFO 24176 --- [restartedMain] org.quartz.impl.StdSchedulerFactory      : Using default implementation for ThreadExecutor
2020-04-11 20:20:20.489  INFO 24176 --- [restartedMain] org.quartz.core.SchedulerSignalerImpl    : Initialized Scheduler Signaller of type: class org.quartz.core.SchedulerSignalerImpl
2020-04-11 20:20:20.489  INFO 24176 --- [restartedMain] org.quartz.core.QuartzScheduler          : Quartz Scheduler v.2.3.2 created.
2020-04-11 20:20:20.490  INFO 24176 --- [restartedMain] org.quartz.simpl.RAMJobStore             : RAMJobStore initialized.
2020-04-11 20:20:20.491  INFO 24176 --- [restartedMain] org.quartz.core.QuartzScheduler          : Scheduler meta-data: Quartz Scheduler (v2.3.2) 'quartzScheduler' with instanceId 'NON_CLUSTERED'
  Scheduler class: 'org.quartz.core.QuartzScheduler' - running locally.
  NOT STARTED.
  Currently in standby mode.
  Number of jobs executed: 0
  Using thread pool 'org.quartz.simpl.SimpleThreadPool' - with 10 threads.
  Using job-store 'org.quartz.simpl.RAMJobStore' - which does not support persistence. and is not clustered.

2020-04-11 20:20:20.491  INFO 24176 --- [restartedMain] org.quartz.impl.StdSchedulerFactory      : Quartz scheduler 'quartzScheduler' initialized from an externally provided properties instance.
2020-04-11 20:20:20.491  INFO 24176 --- [restartedMain] org.quartz.impl.StdSchedulerFactory      : Quartz scheduler version: 2.3.2
2020-04-11 20:20:20.491  INFO 24176 --- [restartedMain] org.quartz.core.QuartzScheduler          : JobFactory set to: org.springframework.scheduling.quartz.SpringBeanJobFactory@49b3e017
2020-04-11 20:20:20.534  INFO 24176 --- [restartedMain] o.s.b.d.a.OptionalLiveReloadServer       : LiveReload server is running on port 35729
2020-04-11 20:20:20.538  INFO 24176 --- [restartedMain] o.s.b.a.e.web.EndpointLinksResolver      : Exposing 2 endpoint(s) beneath base path '/actuator'
2020-04-11 20:20:20.587  INFO 24176 --- [restartedMain] o.s.s.quartz.SchedulerFactoryBean        : Starting Quartz Scheduler now
2020-04-11 20:20:20.587  INFO 24176 --- [restartedMain] org.quartz.core.QuartzScheduler          : Scheduler quartzScheduler_$_NON_CLUSTERED started.
2020-04-11 20:20:20.627  INFO 24176 --- [restartedMain] o.s.b.w.embedded.tomcat.TomcatWebServer  : Tomcat started on port(s): 8000 (http) with context path ''
2020-04-11 20:20:20.632  INFO 24176 --- [restartedMain] com.tsien.poros.Application              : Started Application in 5.23 seconds (JVM running for 6.888)
2020-04-11 20:20:22.233  INFO 24176 --- [RMI TCP Connection(5)-192.168.0.109] o.a.c.c.C.[Tomcat].[localhost].[/]       : Initializing Spring DispatcherServlet 'dispatcherServlet'
2020-04-11 20:20:22.235  INFO 24176 --- [RMI TCP Connection(5)-192.168.0.109] o.s.web.servlet.DispatcherServlet        : Initializing Servlet 'dispatcherServlet'
2020-04-11 20:20:22.245  INFO 24176 --- [RMI TCP Connection(5)-192.168.0.109] o.s.web.servlet.DispatcherServlet        : Completed initialization in 10 ms
2020-04-11 20:20:22.550  INFO 24176 --- [boundedElastic-1] io.lettuce.core.EpollProvider            : Starting without optional epoll library
2020-04-11 20:20:22.552  INFO 24176 --- [boundedElastic-1] io.lettuce.core.KqueueProvider           : Starting without optional kqueue library
2020-04-11 20:23:25.580  INFO 2988 --- [restartedMain] com.tsien.poros.Application              : Starting Application on Tsien with PID 2988 (D:\Code\Web\poros\poros-be\target\classes started by tsien in D:\Code\Web\poros\poros-be)
2020-04-11 20:23:25.585  INFO 2988 --- [restartedMain] com.tsien.poros.Application              : The following profiles are active: prod
2020-04-11 20:23:25.680  INFO 2988 --- [restartedMain] .e.DevToolsPropertyDefaultsPostProcessor : Devtools property defaults active! Set 'spring.devtools.add-properties' to 'false' to disable
2020-04-11 20:23:25.680  INFO 2988 --- [restartedMain] .e.DevToolsPropertyDefaultsPostProcessor : For additional web related logging consider setting the 'logging.level.web' property to 'DEBUG'
2020-04-11 20:23:27.314  INFO 2988 --- [restartedMain] .s.d.r.c.RepositoryConfigurationDelegate : Multiple Spring Data modules found, entering strict repository configuration mode!
2020-04-11 20:23:27.317  INFO 2988 --- [restartedMain] .s.d.r.c.RepositoryConfigurationDelegate : Bootstrapping Spring Data Redis repositories in DEFAULT mode.
2020-04-11 20:23:27.374  INFO 2988 --- [restartedMain] .s.d.r.c.RepositoryConfigurationDelegate : Finished Spring Data repository scanning in 37ms. Found 0 Redis repository interfaces.
2020-04-11 20:23:27.938  INFO 2988 --- [restartedMain] trationDelegate$BeanPostProcessorChecker : Bean 'org.springframework.transaction.annotation.ProxyTransactionManagementConfiguration' of type [org.springframework.transaction.annotation.ProxyTransactionManagementConfiguration] is not eligible for getting processed by all BeanPostProcessors (for example: not eligible for auto-proxying)
2020-04-11 20:23:28.304  INFO 2988 --- [restartedMain] o.s.b.w.embedded.tomcat.TomcatWebServer  : Tomcat initialized with port(s): 8000 (http)
2020-04-11 20:23:28.316  INFO 2988 --- [restartedMain] o.apache.catalina.core.StandardService   : Starting service [Tomcat]
2020-04-11 20:23:28.316  INFO 2988 --- [restartedMain] org.apache.catalina.core.StandardEngine  : Starting Servlet engine: [Apache Tomcat/9.0.29]
2020-04-11 20:23:28.460  INFO 2988 --- [restartedMain] o.a.c.c.C.[Tomcat].[localhost].[/]       : Initializing Spring embedded WebApplicationContext
2020-04-11 20:23:28.460  INFO 2988 --- [restartedMain] o.s.web.context.ContextLoader            : Root WebApplicationContext: initialization completed in 2779 ms
2020-04-11 20:23:28.611  INFO 2988 --- [restartedMain] c.a.d.s.b.a.DruidDataSourceAutoConfigure : Init DruidDataSource
2020-04-11 20:23:28.764  INFO 2988 --- [restartedMain] com.alibaba.druid.pool.DruidDataSource   : {dataSource-1,druidDatasource} inited
2020-04-11 20:23:29.499  INFO 2988 --- [restartedMain] o.s.s.web.DefaultSecurityFilterChain     : Creating filter chain: Ant [pattern='/index.html'], []
2020-04-11 20:23:29.500  INFO 2988 --- [restartedMain] o.s.s.web.DefaultSecurityFilterChain     : Creating filter chain: Ant [pattern='/static/**'], []
2020-04-11 20:23:29.529  INFO 2988 --- [restartedMain] o.s.s.web.DefaultSecurityFilterChain     : Creating filter chain: any request, [org.springframework.security.web.context.request.async.WebAsyncManagerIntegrationFilter@70e28fa1, org.springframework.security.web.context.SecurityContextPersistenceFilter@dbdc80c, org.springframework.security.web.header.HeaderWriterFilter@1a6f9e5f, org.springframework.security.web.authentication.logout.LogoutFilter@72c053c9, org.springframework.security.web.authentication.UsernamePasswordAuthenticationFilter@6c207084, org.springframework.security.web.savedrequest.RequestCacheAwareFilter@558aa5f, org.springframework.security.web.servletapi.SecurityContextHolderAwareRequestFilter@4ea1e1c3, org.springframework.security.web.authentication.AnonymousAuthenticationFilter@ff7231d, org.springframework.security.web.session.SessionManagementFilter@42879455, org.springframework.security.web.access.ExceptionTranslationFilter@5c0b25f4, org.springframework.security.web.access.intercept.FilterSecurityInterceptor@74cbf198]
2020-04-11 20:23:29.609  INFO 2988 --- [restartedMain] o.s.s.concurrent.ThreadPoolTaskExecutor  : Initializing ExecutorService 'applicationTaskExecutor'
2020-04-11 20:23:29.727  WARN 2988 --- [restartedMain] ion$DefaultTemplateResolverConfiguration : Cannot find template location: classpath:/templates/ (please add some templates or check your Thymeleaf configuration)
2020-04-11 20:23:30.088  INFO 2988 --- [restartedMain] org.quartz.impl.StdSchedulerFactory      : Using default implementation for ThreadExecutor
2020-04-11 20:23:30.097  INFO 2988 --- [restartedMain] org.quartz.core.SchedulerSignalerImpl    : Initialized Scheduler Signaller of type: class org.quartz.core.SchedulerSignalerImpl
2020-04-11 20:23:30.098  INFO 2988 --- [restartedMain] org.quartz.core.QuartzScheduler          : Quartz Scheduler v.2.3.2 created.
2020-04-11 20:23:30.098  INFO 2988 --- [restartedMain] org.quartz.simpl.RAMJobStore             : RAMJobStore initialized.
2020-04-11 20:23:30.099  INFO 2988 --- [restartedMain] org.quartz.core.QuartzScheduler          : Scheduler meta-data: Quartz Scheduler (v2.3.2) 'quartzScheduler' with instanceId 'NON_CLUSTERED'
  Scheduler class: 'org.quartz.core.QuartzScheduler' - running locally.
  NOT STARTED.
  Currently in standby mode.
  Number of jobs executed: 0
  Using thread pool 'org.quartz.simpl.SimpleThreadPool' - with 10 threads.
  Using job-store 'org.quartz.simpl.RAMJobStore' - which does not support persistence. and is not clustered.

2020-04-11 20:23:30.100  INFO 2988 --- [restartedMain] org.quartz.impl.StdSchedulerFactory      : Quartz scheduler 'quartzScheduler' initialized from an externally provided properties instance.
2020-04-11 20:23:30.100  INFO 2988 --- [restartedMain] org.quartz.impl.StdSchedulerFactory      : Quartz scheduler version: 2.3.2
2020-04-11 20:23:30.100  INFO 2988 --- [restartedMain] org.quartz.core.QuartzScheduler          : JobFactory set to: org.springframework.scheduling.quartz.SpringBeanJobFactory@1a5a4383
2020-04-11 20:23:30.138  INFO 2988 --- [restartedMain] o.s.b.d.a.OptionalLiveReloadServer       : LiveReload server is running on port 35729
2020-04-11 20:23:30.142  INFO 2988 --- [restartedMain] o.s.b.a.e.web.EndpointLinksResolver      : Exposing 2 endpoint(s) beneath base path '/actuator'
2020-04-11 20:23:30.180  INFO 2988 --- [restartedMain] o.s.s.quartz.SchedulerFactoryBean        : Starting Quartz Scheduler now
2020-04-11 20:23:30.181  INFO 2988 --- [restartedMain] org.quartz.core.QuartzScheduler          : Scheduler quartzScheduler_$_NON_CLUSTERED started.
2020-04-11 20:23:30.217  INFO 2988 --- [restartedMain] o.s.b.w.embedded.tomcat.TomcatWebServer  : Tomcat started on port(s): 8000 (http) with context path ''
2020-04-11 20:23:30.221  INFO 2988 --- [restartedMain] com.tsien.poros.Application              : Started Application in 5.366 seconds (JVM running for 7.665)
2020-04-11 20:23:31.134  INFO 2988 --- [RMI TCP Connection(1)-192.168.0.109] o.a.c.c.C.[Tomcat].[localhost].[/]       : Initializing Spring DispatcherServlet 'dispatcherServlet'
2020-04-11 20:23:31.135  INFO 2988 --- [RMI TCP Connection(1)-192.168.0.109] o.s.web.servlet.DispatcherServlet        : Initializing Servlet 'dispatcherServlet'
2020-04-11 20:23:31.145  INFO 2988 --- [RMI TCP Connection(1)-192.168.0.109] o.s.web.servlet.DispatcherServlet        : Completed initialization in 9 ms
2020-04-11 20:23:31.425  INFO 2988 --- [boundedElastic-1] io.lettuce.core.EpollProvider            : Starting without optional epoll library
2020-04-11 20:23:31.427  INFO 2988 --- [boundedElastic-1] io.lettuce.core.KqueueProvider           : Starting without optional kqueue library
